CRITICAL - 2024-11-17 01:17:36 --> CodeIgniter\View\Exceptions\ViewException: Invalid file: "associate-side.php"
[Method: GET, Route: associate-dashboard/home]
in SYSTEMPATH\Exceptions\FrameworkException.php on line 41.
 1 SYSTEMPATH\View\View.php(222): CodeIgniter\Exceptions\FrameworkException::forInvalidFile('associate-side.php')
 2 SYSTEMPATH\Common.php(1171): CodeIgniter\View\View->render('associate-side', [], true)
 3 APPPATH\Controllers\AssociateDashboard.php(9): view('associate-side')
 4 SYSTEMPATH\CodeIgniter.php(933): App\Controllers\AssociateDashboard->dashboard()
 5 SYSTEMPATH\CodeIgniter.php(509): CodeIgniter\CodeIgniter->runController(Object(App\Controllers\AssociateDashboard))
 6 SYSTEMPATH\CodeIgniter.php(355): CodeIgniter\CodeIgniter->handleRequest(null, Object(Config\Cache), false)
 7 SYSTEMPATH\Boot.php(325): CodeIgniter\CodeIgniter->run()
 8 SYSTEMPATH\Boot.php(67): CodeIgniter\Boot::runCodeIgniter(Object(CodeIgniter\CodeIgniter))
 9 FCPATH\index.php(56): CodeIgniter\Boot::bootWeb(Object(Config\Paths))
CRITICAL - 2024-11-17 01:20:13 --> CodeIgniter\View\Exceptions\ViewException: Invalid file: "associate-side.php"
[Method: GET, Route: associate-dashboard/home]
in SYSTEMPATH\Exceptions\FrameworkException.php on line 41.
 1 SYSTEMPATH\View\View.php(222): CodeIgniter\Exceptions\FrameworkException::forInvalidFile('associate-side.php')
 2 SYSTEMPATH\Common.php(1171): CodeIgniter\View\View->render('associate-side', [], true)
 3 APPPATH\Controllers\AssociateDashboard.php(9): view('associate-side')
 4 SYSTEMPATH\CodeIgniter.php(933): App\Controllers\AssociateDashboard->dashboard()
 5 SYSTEMPATH\CodeIgniter.php(509): CodeIgniter\CodeIgniter->runController(Object(App\Controllers\AssociateDashboard))
 6 SYSTEMPATH\CodeIgniter.php(355): CodeIgniter\CodeIgniter->handleRequest(null, Object(Config\Cache), false)
 7 SYSTEMPATH\Boot.php(325): CodeIgniter\CodeIgniter->run()
 8 SYSTEMPATH\Boot.php(67): CodeIgniter\Boot::runCodeIgniter(Object(CodeIgniter\CodeIgniter))
 9 FCPATH\index.php(56): CodeIgniter\Boot::bootWeb(Object(Config\Paths))
CRITICAL - 2024-11-17 01:20:14 --> CodeIgniter\View\Exceptions\ViewException: Invalid file: "associate-side.php"
[Method: GET, Route: associate-dashboard/home]
in SYSTEMPATH\Exceptions\FrameworkException.php on line 41.
 1 SYSTEMPATH\View\View.php(222): CodeIgniter\Exceptions\FrameworkException::forInvalidFile('associate-side.php')
 2 SYSTEMPATH\Common.php(1171): CodeIgniter\View\View->render('associate-side', [], true)
 3 APPPATH\Controllers\AssociateDashboard.php(9): view('associate-side')
 4 SYSTEMPATH\CodeIgniter.php(933): App\Controllers\AssociateDashboard->dashboard()
 5 SYSTEMPATH\CodeIgniter.php(509): CodeIgniter\CodeIgniter->runController(Object(App\Controllers\AssociateDashboard))
 6 SYSTEMPATH\CodeIgniter.php(355): CodeIgniter\CodeIgniter->handleRequest(null, Object(Config\Cache), false)
 7 SYSTEMPATH\Boot.php(325): CodeIgniter\CodeIgniter->run()
 8 SYSTEMPATH\Boot.php(67): CodeIgniter\Boot::runCodeIgniter(Object(CodeIgniter\CodeIgniter))
 9 FCPATH\index.php(56): CodeIgniter\Boot::bootWeb(Object(Config\Paths))
CRITICAL - 2024-11-17 01:20:17 --> CodeIgniter\View\Exceptions\ViewException: Invalid file: "associate-side.php"
[Method: GET, Route: associate-dashboard/home]
in SYSTEMPATH\Exceptions\FrameworkException.php on line 41.
 1 SYSTEMPATH\View\View.php(222): CodeIgniter\Exceptions\FrameworkException::forInvalidFile('associate-side.php')
 2 SYSTEMPATH\Common.php(1171): CodeIgniter\View\View->render('associate-side', [], true)
 3 APPPATH\Controllers\AssociateDashboard.php(9): view('associate-side')
 4 SYSTEMPATH\CodeIgniter.php(933): App\Controllers\AssociateDashboard->dashboard()
 5 SYSTEMPATH\CodeIgniter.php(509): CodeIgniter\CodeIgniter->runController(Object(App\Controllers\AssociateDashboard))
 6 SYSTEMPATH\CodeIgniter.php(355): CodeIgniter\CodeIgniter->handleRequest(null, Object(Config\Cache), false)
 7 SYSTEMPATH\Boot.php(325): CodeIgniter\CodeIgniter->run()
 8 SYSTEMPATH\Boot.php(67): CodeIgniter\Boot::runCodeIgniter(Object(CodeIgniter\CodeIgniter))
 9 FCPATH\index.php(56): CodeIgniter\Boot::bootWeb(Object(Config\Paths))
CRITICAL - 2024-11-17 01:20:20 --> CodeIgniter\View\Exceptions\ViewException: Invalid file: "associate-side.php"
[Method: GET, Route: associate-dashboard/home]
in SYSTEMPATH\Exceptions\FrameworkException.php on line 41.
 1 SYSTEMPATH\View\View.php(222): CodeIgniter\Exceptions\FrameworkException::forInvalidFile('associate-side.php')
 2 SYSTEMPATH\Common.php(1171): CodeIgniter\View\View->render('associate-side', [], true)
 3 APPPATH\Controllers\AssociateDashboard.php(9): view('associate-side')
 4 SYSTEMPATH\CodeIgniter.php(933): App\Controllers\AssociateDashboard->dashboard()
 5 SYSTEMPATH\CodeIgniter.php(509): CodeIgniter\CodeIgniter->runController(Object(App\Controllers\AssociateDashboard))
 6 SYSTEMPATH\CodeIgniter.php(355): CodeIgniter\CodeIgniter->handleRequest(null, Object(Config\Cache), false)
 7 SYSTEMPATH\Boot.php(325): CodeIgniter\CodeIgniter->run()
 8 SYSTEMPATH\Boot.php(67): CodeIgniter\Boot::runCodeIgniter(Object(CodeIgniter\CodeIgniter))
 9 FCPATH\index.php(56): CodeIgniter\Boot::bootWeb(Object(Config\Paths))
CRITICAL - 2024-11-17 01:20:35 --> CodeIgniter\View\Exceptions\ViewException: Invalid file: "associate-side.php"
[Method: GET, Route: associate-dashboard/home]
in SYSTEMPATH\Exceptions\FrameworkException.php on line 41.
 1 SYSTEMPATH\View\View.php(222): CodeIgniter\Exceptions\FrameworkException::forInvalidFile('associate-side.php')
 2 SYSTEMPATH\Common.php(1171): CodeIgniter\View\View->render('associate-side', [], true)
 3 APPPATH\Controllers\AssociateDashboard.php(9): view('associate-side')
 4 SYSTEMPATH\CodeIgniter.php(933): App\Controllers\AssociateDashboard->dashboard()
 5 SYSTEMPATH\CodeIgniter.php(509): CodeIgniter\CodeIgniter->runController(Object(App\Controllers\AssociateDashboard))
 6 SYSTEMPATH\CodeIgniter.php(355): CodeIgniter\CodeIgniter->handleRequest(null, Object(Config\Cache), false)
 7 SYSTEMPATH\Boot.php(325): CodeIgniter\CodeIgniter->run()
 8 SYSTEMPATH\Boot.php(67): CodeIgniter\Boot::runCodeIgniter(Object(CodeIgniter\CodeIgniter))
 9 FCPATH\index.php(56): CodeIgniter\Boot::bootWeb(Object(Config\Paths))
CRITICAL - 2024-11-17 01:20:37 --> CodeIgniter\View\Exceptions\ViewException: Invalid file: "associate-side.php"
[Method: GET, Route: associate-dashboard/home]
in SYSTEMPATH\Exceptions\FrameworkException.php on line 41.
 1 SYSTEMPATH\View\View.php(222): CodeIgniter\Exceptions\FrameworkException::forInvalidFile('associate-side.php')
 2 SYSTEMPATH\Common.php(1171): CodeIgniter\View\View->render('associate-side', [], true)
 3 APPPATH\Controllers\AssociateDashboard.php(9): view('associate-side')
 4 SYSTEMPATH\CodeIgniter.php(933): App\Controllers\AssociateDashboard->dashboard()
 5 SYSTEMPATH\CodeIgniter.php(509): CodeIgniter\CodeIgniter->runController(Object(App\Controllers\AssociateDashboard))
 6 SYSTEMPATH\CodeIgniter.php(355): CodeIgniter\CodeIgniter->handleRequest(null, Object(Config\Cache), false)
 7 SYSTEMPATH\Boot.php(325): CodeIgniter\CodeIgniter->run()
 8 SYSTEMPATH\Boot.php(67): CodeIgniter\Boot::runCodeIgniter(Object(CodeIgniter\CodeIgniter))
 9 FCPATH\index.php(56): CodeIgniter\Boot::bootWeb(Object(Config\Paths))
CRITICAL - 2024-11-17 01:21:28 --> CodeIgniter\View\Exceptions\ViewException: Invalid file: "associate-side.php"
[Method: GET, Route: associate-account/home]
in SYSTEMPATH\Exceptions\FrameworkException.php on line 41.
 1 SYSTEMPATH\View\View.php(222): CodeIgniter\Exceptions\FrameworkException::forInvalidFile('associate-side.php')
 2 SYSTEMPATH\Common.php(1171): CodeIgniter\View\View->render('associate-side', [], true)
 3 APPPATH\Controllers\AssociateDashboard.php(9): view('associate-side')
 4 SYSTEMPATH\CodeIgniter.php(933): App\Controllers\AssociateDashboard->dashboard()
 5 SYSTEMPATH\CodeIgniter.php(509): CodeIgniter\CodeIgniter->runController(Object(App\Controllers\AssociateDashboard))
 6 SYSTEMPATH\CodeIgniter.php(355): CodeIgniter\CodeIgniter->handleRequest(null, Object(Config\Cache), false)
 7 SYSTEMPATH\Boot.php(325): CodeIgniter\CodeIgniter->run()
 8 SYSTEMPATH\Boot.php(67): CodeIgniter\Boot::runCodeIgniter(Object(CodeIgniter\CodeIgniter))
 9 FCPATH\index.php(56): CodeIgniter\Boot::bootWeb(Object(Config\Paths))
CRITICAL - 2024-11-17 01:22:14 --> CodeIgniter\View\Exceptions\ViewException: Invalid file: "associate-side.php"
[Method: GET, Route: associate-account/home]
in SYSTEMPATH\Exceptions\FrameworkException.php on line 41.
 1 SYSTEMPATH\View\View.php(222): CodeIgniter\Exceptions\FrameworkException::forInvalidFile('associate-side.php')
 2 SYSTEMPATH\Common.php(1171): CodeIgniter\View\View->render('associate-side', [], true)
 3 APPPATH\Controllers\AssociateDashboard.php(9): view('associate-side')
 4 SYSTEMPATH\CodeIgniter.php(933): App\Controllers\AssociateDashboard->dashboard()
 5 SYSTEMPATH\CodeIgniter.php(509): CodeIgniter\CodeIgniter->runController(Object(App\Controllers\AssociateDashboard))
 6 SYSTEMPATH\CodeIgniter.php(355): CodeIgniter\CodeIgniter->handleRequest(null, Object(Config\Cache), false)
 7 SYSTEMPATH\Boot.php(325): CodeIgniter\CodeIgniter->run()
 8 SYSTEMPATH\Boot.php(67): CodeIgniter\Boot::runCodeIgniter(Object(CodeIgniter\CodeIgniter))
 9 FCPATH\index.php(56): CodeIgniter\Boot::bootWeb(Object(Config\Paths))
CRITICAL - 2024-11-17 01:22:17 --> CodeIgniter\View\Exceptions\ViewException: Invalid file: "associate-side.php"
[Method: GET, Route: associate-account/home]
in SYSTEMPATH\Exceptions\FrameworkException.php on line 41.
 1 SYSTEMPATH\View\View.php(222): CodeIgniter\Exceptions\FrameworkException::forInvalidFile('associate-side.php')
 2 SYSTEMPATH\Common.php(1171): CodeIgniter\View\View->render('associate-side', [], true)
 3 APPPATH\Controllers\AssociateDashboard.php(9): view('associate-side')
 4 SYSTEMPATH\CodeIgniter.php(933): App\Controllers\AssociateDashboard->dashboard()
 5 SYSTEMPATH\CodeIgniter.php(509): CodeIgniter\CodeIgniter->runController(Object(App\Controllers\AssociateDashboard))
 6 SYSTEMPATH\CodeIgniter.php(355): CodeIgniter\CodeIgniter->handleRequest(null, Object(Config\Cache), false)
 7 SYSTEMPATH\Boot.php(325): CodeIgniter\CodeIgniter->run()
 8 SYSTEMPATH\Boot.php(67): CodeIgniter\Boot::runCodeIgniter(Object(CodeIgniter\CodeIgniter))
 9 FCPATH\index.php(56): CodeIgniter\Boot::bootWeb(Object(Config\Paths))
CRITICAL - 2024-11-17 16:31:18 --> CodeIgniter\View\Exceptions\ViewException: Invalid file: "associate-home.php"
[Method: GET, Route: associate-account/home]
in SYSTEMPATH\Exceptions\FrameworkException.php on line 41.
 1 SYSTEMPATH\View\View.php(222): CodeIgniter\Exceptions\FrameworkException::forInvalidFile('associate-home.php')
 2 SYSTEMPATH\Common.php(1171): CodeIgniter\View\View->render('associate-home', [], true)
 3 APPPATH\Controllers\AssociateDashboard.php(9): view('associate-home')
 4 SYSTEMPATH\CodeIgniter.php(933): App\Controllers\AssociateDashboard->dashboard()
 5 SYSTEMPATH\CodeIgniter.php(509): CodeIgniter\CodeIgniter->runController(Object(App\Controllers\AssociateDashboard))
 6 SYSTEMPATH\CodeIgniter.php(355): CodeIgniter\CodeIgniter->handleRequest(null, Object(Config\Cache), false)
 7 SYSTEMPATH\Boot.php(325): CodeIgniter\CodeIgniter->run()
 8 SYSTEMPATH\Boot.php(67): CodeIgniter\Boot::runCodeIgniter(Object(CodeIgniter\CodeIgniter))
 9 FCPATH\index.php(56): CodeIgniter\Boot::bootWeb(Object(Config\Paths))
CRITICAL - 2024-11-17 16:31:24 --> CodeIgniter\View\Exceptions\ViewException: Invalid file: "associate-home.php"
[Method: GET, Route: associate-account/home]
in SYSTEMPATH\Exceptions\FrameworkException.php on line 41.
 1 SYSTEMPATH\View\View.php(222): CodeIgniter\Exceptions\FrameworkException::forInvalidFile('associate-home.php')
 2 SYSTEMPATH\Common.php(1171): CodeIgniter\View\View->render('associate-home', [], true)
 3 APPPATH\Controllers\AssociateDashboard.php(9): view('associate-home')
 4 SYSTEMPATH\CodeIgniter.php(933): App\Controllers\AssociateDashboard->dashboard()
 5 SYSTEMPATH\CodeIgniter.php(509): CodeIgniter\CodeIgniter->runController(Object(App\Controllers\AssociateDashboard))
 6 SYSTEMPATH\CodeIgniter.php(355): CodeIgniter\CodeIgniter->handleRequest(null, Object(Config\Cache), false)
 7 SYSTEMPATH\Boot.php(325): CodeIgniter\CodeIgniter->run()
 8 SYSTEMPATH\Boot.php(67): CodeIgniter\Boot::runCodeIgniter(Object(CodeIgniter\CodeIgniter))
 9 FCPATH\index.php(56): CodeIgniter\Boot::bootWeb(Object(Config\Paths))
