INFO - 2024-11-29 16:20:01 --> Session: Class initialized using 'CodeIgniter\Session\Handlers\FileHandler' driver.
INFO - 2024-11-29 16:20:51 --> Session: Class initialized using 'CodeIgniter\Session\Handlers\FileHandler' driver.
INFO - 2024-11-29 16:23:25 --> Session: Class initialized using 'CodeIgniter\Session\Handlers\FileHandler' driver.
INFO - 2024-11-29 16:46:52 --> Session: Class initialized using 'CodeIgniter\Session\Handlers\FileHandler' driver.
INFO - 2024-11-29 16:46:52 --> Session: Class initialized using 'CodeIgniter\Session\Handlers\FileHandler' driver.
INFO - 2024-11-29 16:47:23 --> Session: Class initialized using 'CodeIgniter\Session\Handlers\FileHandler' driver.
ERROR - 2024-11-29 16:47:23 --> mysqli_sql_exception: Duplicate entry 'jajilos544@kindomd.com' for key 'email' in C:\xampp\htdocs\equipment-management-itso\system\Database\MySQLi\Connection.php:312
Stack trace:
#0 C:\xampp\htdocs\equipment-management-itso\system\Database\MySQLi\Connection.php(312): mysqli->query('INSERT INTO `us...', 0)
#1 C:\xampp\htdocs\equipment-management-itso\system\Database\BaseConnection.php(734): CodeIgniter\Database\MySQLi\Connection->execute('INSERT INTO `us...')
#2 C:\xampp\htdocs\equipment-management-itso\system\Database\BaseConnection.php(648): CodeIgniter\Database\BaseConnection->simpleQuery('INSERT INTO `us...')
#3 C:\xampp\htdocs\equipment-management-itso\system\Database\BaseBuilder.php(2340): CodeIgniter\Database\BaseConnection->query('INSERT INTO `us...', Array, false)
#4 C:\xampp\htdocs\equipment-management-itso\system\Model.php(394): CodeIgniter\Database\BaseBuilder->insert()
#5 C:\xampp\htdocs\equipment-management-itso\system\BaseModel.php(840): CodeIgniter\Model->doInsert(Array)
#6 C:\xampp\htdocs\equipment-management-itso\system\Model.php(802): CodeIgniter\BaseModel->insert(Array, false)
#7 C:\xampp\htdocs\equipment-management-itso\system\BaseModel.php(751): CodeIgniter\Model->insert(Array, false)
#8 C:\xampp\htdocs\equipment-management-itso\app\Controllers\Auth.php(160): CodeIgniter\BaseModel->save(Array)
#9 C:\xampp\htdocs\equipment-management-itso\system\CodeIgniter.php(933): App\Controllers\Auth->register()
#10 C:\xampp\htdocs\equipment-management-itso\system\CodeIgniter.php(509): CodeIgniter\CodeIgniter->runController(Object(App\Controllers\Auth))
#11 C:\xampp\htdocs\equipment-management-itso\system\CodeIgniter.php(355): CodeIgniter\CodeIgniter->handleRequest(NULL, Object(Config\Cache), false)
#12 C:\xampp\htdocs\equipment-management-itso\system\Boot.php(325): CodeIgniter\CodeIgniter->run()
#13 C:\xampp\htdocs\equipment-management-itso\system\Boot.php(67): CodeIgniter\Boot::runCodeIgniter(Object(CodeIgniter\CodeIgniter))
#14 C:\xampp\htdocs\equipment-management-itso\index.php(56): CodeIgniter\Boot::bootWeb(Object(Config\Paths))
#15 {main}
CRITICAL - 2024-11-29 16:47:23 --> CodeIgniter\Database\Exceptions\DatabaseException: Duplicate entry 'jajilos544@kindomd.com' for key 'email'
[Method: POST, Route: register]
in SYSTEMPATH\Database\BaseConnection.php on line 688.
 1 SYSTEMPATH\Database\BaseBuilder.php(2340): CodeIgniter\Database\BaseConnection->query('INSERT INTO `users` (`department`, `first_name`, `middle_name`, `last_name`, `email`, `password`, `birthdate`, `gender`, `status`, `activation_code`, `school_id`, `created_at`, `updated_at`) VALUES (:department:, :first_name:, :middle_name:, :last_name:, :email:, :password:, :birthdate:, :gender:, :status:, :activation_code:, :school_id:, :created_at:, :updated_at:)', [...], false)
 2 SYSTEMPATH\Model.php(394): CodeIgniter\Database\BaseBuilder->insert()
 3 SYSTEMPATH\BaseModel.php(840): CodeIgniter\Model->doInsert([...])
 4 SYSTEMPATH\Model.php(802): CodeIgniter\BaseModel->insert([...], false)
 5 SYSTEMPATH\BaseModel.php(751): CodeIgniter\Model->insert([...], false)
 6 APPPATH\Controllers\Auth.php(160): CodeIgniter\BaseModel->save([...])
 7 SYSTEMPATH\CodeIgniter.php(933): App\Controllers\Auth->register()
 8 SYSTEMPATH\CodeIgniter.php(509): CodeIgniter\CodeIgniter->runController(Object(App\Controllers\Auth))
 9 SYSTEMPATH\CodeIgniter.php(355): CodeIgniter\CodeIgniter->handleRequest(null, Object(Config\Cache), false)
10 SYSTEMPATH\Boot.php(325): CodeIgniter\CodeIgniter->run()
11 SYSTEMPATH\Boot.php(67): CodeIgniter\Boot::runCodeIgniter(Object(CodeIgniter\CodeIgniter))
12 FCPATH\index.php(56): CodeIgniter\Boot::bootWeb(Object(Config\Paths))
CRITICAL - 2024-11-29 16:47:23 --> [Caused by] CodeIgniter\Database\Exceptions\DatabaseException: Duplicate entry 'jajilos544@kindomd.com' for key 'email'
in SYSTEMPATH\Database\MySQLi\Connection.php on line 317.
 1 SYSTEMPATH\Database\BaseConnection.php(734): CodeIgniter\Database\MySQLi\Connection->execute('INSERT INTO `users` (`department`, `first_name`, `middle_name`, `last_name`, `email`, `password`, `birthdate`, `gender`, `status`, `activation_code`, `school_id`, `created_at`, `updated_at`) VALUES (\'Computer Science\', \'John\', \'\', \'Francis\', \'jajilos544@kindomd.com\', \'$2y$10$DW7yEEy7SOBdjh8mLrDE8.9LUJJN.a.lOEVYnlZisk5L8d5ByXE3u\', \'2024-11-01\', \'male\', 0, \'6749f01b6b0e2\', \'2024110007\', \'2024-11-29 16:47:23\', \'2024-11-29 16:47:23\')')
 2 SYSTEMPATH\Database\BaseConnection.php(648): CodeIgniter\Database\BaseConnection->simpleQuery('INSERT INTO `users` (`department`, `first_name`, `middle_name`, `last_name`, `email`, `password`, `birthdate`, `gender`, `status`, `activation_code`, `school_id`, `created_at`, `updated_at`) VALUES (\'Computer Science\', \'John\', \'\', \'Francis\', \'jajilos544@kindomd.com\', \'$2y$10$DW7yEEy7SOBdjh8mLrDE8.9LUJJN.a.lOEVYnlZisk5L8d5ByXE3u\', \'2024-11-01\', \'male\', 0, \'6749f01b6b0e2\', \'2024110007\', \'2024-11-29 16:47:23\', \'2024-11-29 16:47:23\')')
 3 SYSTEMPATH\Database\BaseBuilder.php(2340): CodeIgniter\Database\BaseConnection->query('INSERT INTO `users` (`department`, `first_name`, `middle_name`, `last_name`, `email`, `password`, `birthdate`, `gender`, `status`, `activation_code`, `school_id`, `created_at`, `updated_at`) VALUES (:department:, :first_name:, :middle_name:, :last_name:, :email:, :password:, :birthdate:, :gender:, :status:, :activation_code:, :school_id:, :created_at:, :updated_at:)', [...], false)
 4 SYSTEMPATH\Model.php(394): CodeIgniter\Database\BaseBuilder->insert()
 5 SYSTEMPATH\BaseModel.php(840): CodeIgniter\Model->doInsert([...])
 6 SYSTEMPATH\Model.php(802): CodeIgniter\BaseModel->insert([...], false)
 7 SYSTEMPATH\BaseModel.php(751): CodeIgniter\Model->insert([...], false)
 8 APPPATH\Controllers\Auth.php(160): CodeIgniter\BaseModel->save([...])
 9 SYSTEMPATH\CodeIgniter.php(933): App\Controllers\Auth->register()
10 SYSTEMPATH\CodeIgniter.php(509): CodeIgniter\CodeIgniter->runController(Object(App\Controllers\Auth))
11 SYSTEMPATH\CodeIgniter.php(355): CodeIgniter\CodeIgniter->handleRequest(null, Object(Config\Cache), false)
12 SYSTEMPATH\Boot.php(325): CodeIgniter\CodeIgniter->run()
13 SYSTEMPATH\Boot.php(67): CodeIgniter\Boot::runCodeIgniter(Object(CodeIgniter\CodeIgniter))
14 FCPATH\index.php(56): CodeIgniter\Boot::bootWeb(Object(Config\Paths))
CRITICAL - 2024-11-29 16:47:23 --> [Caused by] mysqli_sql_exception: Duplicate entry 'jajilos544@kindomd.com' for key 'email'
in SYSTEMPATH\Database\MySQLi\Connection.php on line 312.
 1 SYSTEMPATH\Database\MySQLi\Connection.php(312): mysqli->query('INSERT INTO `users` (`department`, `first_name`, `middle_name`, `last_name`, `email`, `password`, `birthdate`, `gender`, `status`, `activation_code`, `school_id`, `created_at`, `updated_at`) VALUES (\'Computer Science\', \'John\', \'\', \'Francis\', \'jajilos544@kindomd.com\', \'$2y$10$DW7yEEy7SOBdjh8mLrDE8.9LUJJN.a.lOEVYnlZisk5L8d5ByXE3u\', \'2024-11-01\', \'male\', 0, \'6749f01b6b0e2\', \'2024110007\', \'2024-11-29 16:47:23\', \'2024-11-29 16:47:23\')', 0)
 2 SYSTEMPATH\Database\BaseConnection.php(734): CodeIgniter\Database\MySQLi\Connection->execute('INSERT INTO `users` (`department`, `first_name`, `middle_name`, `last_name`, `email`, `password`, `birthdate`, `gender`, `status`, `activation_code`, `school_id`, `created_at`, `updated_at`) VALUES (\'Computer Science\', \'John\', \'\', \'Francis\', \'jajilos544@kindomd.com\', \'$2y$10$DW7yEEy7SOBdjh8mLrDE8.9LUJJN.a.lOEVYnlZisk5L8d5ByXE3u\', \'2024-11-01\', \'male\', 0, \'6749f01b6b0e2\', \'2024110007\', \'2024-11-29 16:47:23\', \'2024-11-29 16:47:23\')')
 3 SYSTEMPATH\Database\BaseConnection.php(648): CodeIgniter\Database\BaseConnection->simpleQuery('INSERT INTO `users` (`department`, `first_name`, `middle_name`, `last_name`, `email`, `password`, `birthdate`, `gender`, `status`, `activation_code`, `school_id`, `created_at`, `updated_at`) VALUES (\'Computer Science\', \'John\', \'\', \'Francis\', \'jajilos544@kindomd.com\', \'$2y$10$DW7yEEy7SOBdjh8mLrDE8.9LUJJN.a.lOEVYnlZisk5L8d5ByXE3u\', \'2024-11-01\', \'male\', 0, \'6749f01b6b0e2\', \'2024110007\', \'2024-11-29 16:47:23\', \'2024-11-29 16:47:23\')')
 4 SYSTEMPATH\Database\BaseBuilder.php(2340): CodeIgniter\Database\BaseConnection->query('INSERT INTO `users` (`department`, `first_name`, `middle_name`, `last_name`, `email`, `password`, `birthdate`, `gender`, `status`, `activation_code`, `school_id`, `created_at`, `updated_at`) VALUES (:department:, :first_name:, :middle_name:, :last_name:, :email:, :password:, :birthdate:, :gender:, :status:, :activation_code:, :school_id:, :created_at:, :updated_at:)', [...], false)
 5 SYSTEMPATH\Model.php(394): CodeIgniter\Database\BaseBuilder->insert()
 6 SYSTEMPATH\BaseModel.php(840): CodeIgniter\Model->doInsert([...])
 7 SYSTEMPATH\Model.php(802): CodeIgniter\BaseModel->insert([...], false)
 8 SYSTEMPATH\BaseModel.php(751): CodeIgniter\Model->insert([...], false)
 9 APPPATH\Controllers\Auth.php(160): CodeIgniter\BaseModel->save([...])
10 SYSTEMPATH\CodeIgniter.php(933): App\Controllers\Auth->register()
11 SYSTEMPATH\CodeIgniter.php(509): CodeIgniter\CodeIgniter->runController(Object(App\Controllers\Auth))
12 SYSTEMPATH\CodeIgniter.php(355): CodeIgniter\CodeIgniter->handleRequest(null, Object(Config\Cache), false)
13 SYSTEMPATH\Boot.php(325): CodeIgniter\CodeIgniter->run()
14 SYSTEMPATH\Boot.php(67): CodeIgniter\Boot::runCodeIgniter(Object(CodeIgniter\CodeIgniter))
15 FCPATH\index.php(56): CodeIgniter\Boot::bootWeb(Object(Config\Paths))
INFO - 2024-11-29 16:47:27 --> Session: Class initialized using 'CodeIgniter\Session\Handlers\FileHandler' driver.
INFO - 2024-11-29 16:48:09 --> Session: Class initialized using 'CodeIgniter\Session\Handlers\FileHandler' driver.
INFO - 2024-11-29 16:48:46 --> Session: Class initialized using 'CodeIgniter\Session\Handlers\FileHandler' driver.
INFO - 2024-11-29 16:48:51 --> Session: Class initialized using 'CodeIgniter\Session\Handlers\FileHandler' driver.
INFO - 2024-11-29 16:48:51 --> Session: Class initialized using 'CodeIgniter\Session\Handlers\FileHandler' driver.
INFO - 2024-11-29 16:48:54 --> Session: Class initialized using 'CodeIgniter\Session\Handlers\FileHandler' driver.
INFO - 2024-11-29 17:00:13 --> Session: Class initialized using 'CodeIgniter\Session\Handlers\FileHandler' driver.
INFO - 2024-11-29 17:01:54 --> Session: Class initialized using 'CodeIgniter\Session\Handlers\FileHandler' driver.
INFO - 2024-11-29 17:04:37 --> Session: Class initialized using 'CodeIgniter\Session\Handlers\FileHandler' driver.
INFO - 2024-11-29 17:08:05 --> Session: Class initialized using 'CodeIgniter\Session\Handlers\FileHandler' driver.
INFO - 2024-11-29 17:18:32 --> Session: Class initialized using 'CodeIgniter\Session\Handlers\FileHandler' driver.
INFO - 2024-11-29 17:43:39 --> Session: Class initialized using 'CodeIgniter\Session\Handlers\FileHandler' driver.
INFO - 2024-11-29 17:46:38 --> Session: Class initialized using 'CodeIgniter\Session\Handlers\FileHandler' driver.
INFO - 2024-11-29 17:53:13 --> Session: Class initialized using 'CodeIgniter\Session\Handlers\FileHandler' driver.
INFO - 2024-11-29 18:02:41 --> Session: Class initialized using 'CodeIgniter\Session\Handlers\FileHandler' driver.
